<?xml version="1.0" encoding="UTF-8"?>
<!-- Generated by org.testng.reporters.JUnitReportReporter -->
<testsuite skipped="0" hostname="DESKTOP-QD9JFMA" name="com.epam.ta.test.SearchTest" tests="1" failures="0" timestamp="30 дек 2020 03:43:35 GMT" time="17.166" errors="0">
  <testcase name="searchByTitleTest" time="17.166" classname="com.epam.ta.test.SearchTest"/>
</testsuite> <!-- com.epam.ta.test.SearchTest -->
