<?xml version="1.0" encoding="UTF-8"?>
<!-- Generated by org.testng.reporters.JUnitReportReporter -->
<testsuite skipped="0" hostname="DESKTOP-QD9JFMA" name="com.epam.ta.test.ItemTest" tests="5" failures="0" timestamp="30 дек 2020 07:20:35 GMT" time="89.507" errors="0">
  <testcase name="changeItemQuantity" time="14.763" classname="com.epam.ta.test.ItemTest"/>
  <testcase name="deleteAddedProduct" time="16.042" classname="com.epam.ta.test.ItemTest"/>
  <testcase name="addTwoDifferentItems" time="21.547" classname="com.epam.ta.test.ItemTest"/>
  <testcase name="addTwoSimilarItems" time="19.857" classname="com.epam.ta.test.ItemTest"/>
  <testcase name="addToOrder" time="17.298" classname="com.epam.ta.test.ItemTest"/>
</testsuite> <!-- com.epam.ta.test.ItemTest -->
